<?xml version="1.0" encoding="UTF-8"?>
<!-- Generated by org.testng.reporters.JUnitReportReporter -->
<testsuite hostname="LAPTOP-8FPMAEFB" failures="0" tests="5" name="com.qa.opencart.tests.HomePageTest" time="1.948" errors="0" timestamp="2025-08-18T16:44:47 IST" skipped="0">
  <testcase classname="com.qa.opencart.tests.HomePageTest" name="searchTest" time="0.565"/>
  <system-out/>
  <testcase classname="com.qa.opencart.tests.HomePageTest" name="searchTest" time="0.434"/>
  <system-out/>
  <testcase classname="com.qa.opencart.tests.HomePageTest" name="searchTest" time="0.929"/>
  <system-out/>
  <testcase classname="com.qa.opencart.tests.HomePageTest" name="homePageTitleTest" time="0.017"/>
  <system-out/>
  <testcase classname="com.qa.opencart.tests.HomePageTest" name="homePageURL" time="0.003"/>
  <system-out/>
</testsuite> <!-- com.qa.opencart.tests.HomePageTest -->
